<?xml version="1.0" encoding="UTF-8"?>
<!-- Generated by org.testng.reporters.JUnitXMLReporter -->
<testsuite ignored="0" hostname="Estefanias-MBP" failures="0" tests="1" name="Command line test" time="0.089" errors="0" timestamp="2020-07-31T21:16:36 ART">
  <testcase classname="base.Common" name="@BeforeMethod setUp" time="0.011">
    <failure type="java.lang.NullPointerException">
      <![CDATA[java.lang.NullPointerException
at base.Common.setUp(Common.java:20)
at java.base/java.util.ArrayList.forEach(ArrayList.java:1510)
... Removed 40 stack frames]]>
    </failure>
  </testcase> <!-- @BeforeMethod setUp -->
  <testcase classname="base.Common" name="@AfterMethod tearDown" time="-1.596240996692E9">
    <skipped/>
  </testcase> <!-- @AfterMethod tearDown -->
  <testcase classname="tests.TestWrongSingIn" name="searchDresses" time="0.0">
    <skipped/>
  </testcase> <!-- searchDresses -->
</testsuite> <!-- Command line test -->
